[2022-07-05T20:32:05.107147+00:00] logs.DEBUG: AccountHolderCreated {"user":"45051024084"} {"data":"20220705203205"}
[2022-07-05T20:32:16.650302+00:00] logs.ERROR: ErrorCreatingAccountHolder {"user":"{\"name\":\"required\"}"} {"data":"20220705203216"}
[2022-07-05T20:32:26.283911+00:00] logs.ERROR: ErrorCreatingAccountHolder {"user":"{\"street\":\"required\"}"} {"data":"20220705203226"}
[2022-07-05T20:40:39.219250+00:00] logs.ERROR: ErrorCreatingAccountHolder {"user":"{\"name\":\"required\",\"rg\":\"required\",\"stateRegistration\":\"required\",\"birthDate\":\"required\",\"foundationDate\":\"required\",\"cellphone\":\"required\"}"} {"data":"20220705204039"}
[2022-07-05T20:40:44.304897+00:00] logs.DEBUG: AccountHolderCreated {"user":"45051024084"} {"data":"20220705204044"}
[2022-07-05T20:40:59.270903+00:00] logs.DEBUG: AccountCreated {"user":"45051024084"} {"data":"20220705204059"}
[2022-07-05T20:42:19.938672+00:00] logs.DEBUG: AccountCreated {"user":"45051024084"} {"data":"20220705204219"}
[2022-07-05T20:48:47.775660+00:00] logs.ERROR: ErrorCreatingAccount {"user":"{\"message\":\"accountExists\"}"} {"data":"20220705204847"}
[2022-07-05T21:02:27.274689+00:00] logs.DEBUG: DepositMadeSuccessfully:value:10.98 {"user":"45051024084"} {"data":"20220705210227"}
[2022-07-05T21:02:28.617344+00:00] logs.DEBUG: DepositMadeSuccessfully:value:10.98 {"user":"45051024084"} {"data":"20220705210228"}
[2022-07-05T21:08:26.579196+00:00] logs.DEBUG: Withdraw Made Successfully:value:20 {"user":"45051024084"} {"data":"20220705210826"}
[2022-07-05T21:08:28.033214+00:00] logs.DEBUG: Withdraw Made Successfully:value:20 {"user":"45051024084"} {"data":"20220705210828"}
[2022-07-05T21:08:34.717932+00:00] logs.ERROR: ErrorWithdwaw {"user":"{\"message\":\"accountHolderNotFount\"}"} {"data":"20220705210834"}
[2022-07-05T21:08:35.532162+00:00] logs.ERROR: ErrorWithdwaw {"user":"{\"message\":\"accountHolderNotFount\"}"} {"data":"20220705210835"}
[2022-07-05T21:08:35.747910+00:00] logs.ERROR: ErrorWithdwaw {"user":"{\"message\":\"accountHolderNotFount\"}"} {"data":"20220705210835"}
[2022-07-05T21:08:36.015786+00:00] logs.ERROR: ErrorWithdwaw {"user":"{\"message\":\"accountHolderNotFount\"}"} {"data":"20220705210836"}
[2022-07-05T21:08:36.198822+00:00] logs.ERROR: ErrorWithdwaw {"user":"{\"message\":\"accountHolderNotFount\"}"} {"data":"20220705210836"}
[2022-07-05T21:08:36.363839+00:00] logs.ERROR: ErrorWithdwaw {"user":"{\"message\":\"accountHolderNotFount\"}"} {"data":"20220705210836"}
[2022-07-05T21:08:37.671100+00:00] logs.ERROR: ErrorWithdwaw {"user":"{\"message\":\"accountHolderNotFount\"}"} {"data":"20220705210837"}
[2022-07-05T21:08:38.439779+00:00] logs.ERROR: ErrorWithdwaw {"user":"{\"message\":\"accountHolderNotFount\"}"} {"data":"20220705210838"}
[2022-07-05T21:08:38.604181+00:00] logs.ERROR: ErrorWithdwaw {"user":"{\"message\":\"accountHolderNotFount\"}"} {"data":"20220705210838"}
[2022-07-05T21:08:38.765540+00:00] logs.ERROR: ErrorWithdwaw {"user":"{\"message\":\"accountHolderNotFount\"}"} {"data":"20220705210838"}
[2022-07-05T21:08:38.922647+00:00] logs.ERROR: ErrorWithdwaw {"user":"{\"message\":\"accountHolderNotFount\"}"} {"data":"20220705210838"}
[2022-07-05T21:08:39.073284+00:00] logs.ERROR: ErrorWithdwaw {"user":"{\"message\":\"accountHolderNotFount\"}"} {"data":"20220705210839"}
[2022-07-06T01:45:42.305102+00:00] logs.DEBUG: AccountHolderCreated {"user":"45051024084"} {"data":"20220706014542"}
[2022-07-06T01:45:43.477282+00:00] logs.DEBUG: AccountHolderCreated {"user":"45051024084"} {"data":"20220706014543"}
[2022-07-06T01:46:00.321523+00:00] logs.DEBUG: AccountHolderCreated {"user":"45051024084"} {"data":"20220706014600"}
[2022-07-06T01:46:06.762352+00:00] logs.DEBUG: AccountHolderCreated {"user":"45051024084"} {"data":"20220706014606"}
[2022-07-06T01:46:18.230355+00:00] logs.DEBUG: AccountHolderCreated {"user":"45051024084"} {"data":"20220706014618"}
[2022-07-06T01:46:19.059694+00:00] logs.DEBUG: AccountHolderCreated {"user":"45051024084"} {"data":"20220706014619"}
[2022-07-06T01:46:21.303287+00:00] logs.DEBUG: AccountHolderCreated {"user":"45051024084"} {"data":"20220706014621"}
[2022-07-06T01:46:22.039958+00:00] logs.DEBUG: AccountHolderCreated {"user":"45051024084"} {"data":"20220706014622"}
[2022-07-06T01:46:22.541895+00:00] logs.DEBUG: AccountHolderCreated {"user":"45051024084"} {"data":"20220706014622"}
[2022-07-06T01:46:22.939116+00:00] logs.DEBUG: AccountHolderCreated {"user":"45051024084"} {"data":"20220706014622"}
[2022-07-06T01:47:07.427687+00:00] logs.DEBUG: AccountHolderCreated {"user":"45051024084"} {"data":"20220706014707"}
[2022-07-06T01:47:08.218610+00:00] logs.DEBUG: AccountHolderCreated {"user":"45051024084"} {"data":"20220706014708"}
[2022-07-06T01:47:27.272371+00:00] logs.DEBUG: DepositMadeSuccessfully:value:10.98 {"user":"45051024084"} {"data":"20220706014727"}
[2022-07-06T01:47:27.915265+00:00] logs.DEBUG: DepositMadeSuccessfully:value:10.98 {"user":"45051024084"} {"data":"20220706014727"}
[2022-07-06T01:47:28.443128+00:00] logs.DEBUG: DepositMadeSuccessfully:value:10.98 {"user":"45051024084"} {"data":"20220706014728"}
[2022-07-06T01:47:28.941730+00:00] logs.DEBUG: DepositMadeSuccessfully:value:10.98 {"user":"45051024084"} {"data":"20220706014728"}
[2022-07-06T01:47:29.523342+00:00] logs.DEBUG: DepositMadeSuccessfully:value:10.98 {"user":"45051024084"} {"data":"20220706014729"}
[2022-07-06T01:47:30.047722+00:00] logs.DEBUG: DepositMadeSuccessfully:value:10.98 {"user":"45051024084"} {"data":"20220706014730"}
[2022-07-06T01:47:51.548655+00:00] logs.DEBUG: DepositMadeSuccessfully:value:10.98 {"user":"45051024084"} {"data":"20220706014751"}
[2022-07-06T01:47:57.983379+00:00] logs.DEBUG: DepositMadeSuccessfully:value:10.98 {"user":"45051024084"} {"data":"20220706014757"}
