[2022-07-05T20:52:57.982269+00:00] logs.ERROR: ErrorCreatingAccount {"user":"{\"message\":\"accountExists\"}"} {"data":"20220705205257"}
[2022-07-05T20:52:58.838115+00:00] logs.ERROR: ErrorCreatingAccount {"user":"{\"message\":\"accountExists\"}"} {"data":"20220705205258"}
[2022-07-05T20:52:59.751172+00:00] logs.ERROR: ErrorCreatingAccount {"user":"{\"message\":\"accountExists\"}"} {"data":"20220705205259"}
[2022-07-05T20:53:01.186533+00:00] logs.ERROR: ErrorCreatingAccount {"user":"{\"message\":\"accountExists\"}"} {"data":"20220705205301"}
[2022-07-05T20:53:01.636872+00:00] logs.ERROR: ErrorCreatingAccount {"user":"{\"message\":\"accountExists\"}"} {"data":"20220705205301"}
[2022-07-05T20:53:01.915393+00:00] logs.ERROR: ErrorCreatingAccount {"user":"{\"message\":\"accountExists\"}"} {"data":"20220705205301"}
[2022-07-05T20:53:02.086121+00:00] logs.ERROR: ErrorCreatingAccount {"user":"{\"message\":\"accountExists\"}"} {"data":"20220705205302"}
[2022-07-05T20:53:02.255650+00:00] logs.ERROR: ErrorCreatingAccount {"user":"{\"message\":\"accountExists\"}"} {"data":"20220705205302"}
[2022-07-05T20:55:10.731654+00:00] logs.ERROR: ErrorCreatingAccount {"user":"{\"message\":\"accountExists\"}"} {"data":"20220705205510"}
[2022-07-05T20:57:23.479838+00:00] logs.ERROR: ErrorCreatingAccount {"user":"{\"message\":\"accountExists\"}"} {"data":"20220705205723"}
[2022-07-05T20:57:37.781437+00:00] logs.DEBUG: AccountCreated {"user":15} {"data":"20220705205737"}
[2022-07-05T20:57:41.638640+00:00] logs.ERROR: ErrorCreatingAccount {"user":"{\"message\":\"accountExists\"}"} {"data":"20220705205741"}
[2022-07-05T20:57:50.604010+00:00] logs.DEBUG: AccountCreated {"user":16} {"data":"20220705205750"}
[2022-07-05T20:57:55.593897+00:00] logs.DEBUG: AccountCreated {"user":17} {"data":"20220705205755"}
[2022-07-05T20:58:57.747461+00:00] logs.ERROR: ErrorCreatingAccount {"user":"{\"message\":\"accountExists\"}"} {"data":"20220705205857"}
[2022-07-05T20:58:58.507548+00:00] logs.ERROR: ErrorCreatingAccount {"user":"{\"message\":\"accountExists\"}"} {"data":"20220705205858"}
[2022-07-05T20:58:59.162903+00:00] logs.ERROR: ErrorCreatingAccount {"user":"{\"message\":\"accountExists\"}"} {"data":"20220705205859"}
[2022-07-05T21:00:22.525698+00:00] logs.ERROR: ErrorCreatingAccount {"user":"{\"message\":\"accountExists\"}"} {"data":"20220705210022"}
[2022-07-05T21:00:23.438947+00:00] logs.ERROR: ErrorCreatingAccount {"user":"{\"message\":\"accountExists\"}"} {"data":"20220705210023"}
[2022-07-05T21:00:23.948908+00:00] logs.ERROR: ErrorCreatingAccount {"user":"{\"message\":\"accountExists\"}"} {"data":"20220705210023"}
[2022-07-05T21:00:24.118867+00:00] logs.ERROR: ErrorCreatingAccount {"user":"{\"message\":\"accountExists\"}"} {"data":"20220705210024"}
[2022-07-05T21:00:24.280961+00:00] logs.ERROR: ErrorCreatingAccount {"user":"{\"message\":\"accountExists\"}"} {"data":"20220705210024"}
[2022-07-05T21:00:24.445865+00:00] logs.ERROR: ErrorCreatingAccount {"user":"{\"message\":\"accountExists\"}"} {"data":"20220705210024"}
[2022-07-05T21:00:24.611636+00:00] logs.ERROR: ErrorCreatingAccount {"user":"{\"message\":\"accountExists\"}"} {"data":"20220705210024"}
[2022-07-05T21:00:24.781734+00:00] logs.ERROR: ErrorCreatingAccount {"user":"{\"message\":\"accountExists\"}"} {"data":"20220705210024"}
[2022-07-05T21:00:24.921175+00:00] logs.ERROR: ErrorCreatingAccount {"user":"{\"message\":\"accountExists\"}"} {"data":"20220705210024"}
[2022-07-05T21:00:25.109910+00:00] logs.ERROR: ErrorCreatingAccount {"user":"{\"message\":\"accountExists\"}"} {"data":"20220705210025"}
[2022-07-05T21:00:25.244641+00:00] logs.ERROR: ErrorCreatingAccount {"user":"{\"message\":\"accountExists\"}"} {"data":"20220705210025"}
[2022-07-05T21:00:25.420555+00:00] logs.ERROR: ErrorCreatingAccount {"user":"{\"message\":\"accountExists\"}"} {"data":"20220705210025"}
[2022-07-05T21:00:25.596822+00:00] logs.ERROR: ErrorCreatingAccount {"user":"{\"message\":\"accountExists\"}"} {"data":"20220705210025"}
[2022-07-05T21:00:25.738044+00:00] logs.ERROR: ErrorCreatingAccount {"user":"{\"message\":\"accountExists\"}"} {"data":"20220705210025"}
[2022-07-05T21:00:25.912111+00:00] logs.ERROR: ErrorCreatingAccount {"user":"{\"message\":\"accountExists\"}"} {"data":"20220705210025"}
[2022-07-05T21:02:37.623587+00:00] logs.ERROR: ErrorCreatingAccount {"user":"{\"message\":\"accountHolderNotFount\"}"} {"data":"20220705210237"}
[2022-07-05T21:02:39.452520+00:00] logs.ERROR: ErrorCreatingAccount {"user":"{\"message\":\"accountHolderNotFount\"}"} {"data":"20220705210239"}
[2022-07-05T21:02:43.172017+00:00] logs.ERROR: ErrorCreatingAccount {"user":"{\"message\":\"accountHolderNotFount\"}"} {"data":"20220705210243"}
[2022-07-05T21:02:44.987121+00:00] logs.ERROR: ErrorCreatingAccount {"user":"{\"message\":\"accountHolderNotFount\"}"} {"data":"20220705210244"}
[2022-07-05T21:05:50.917127+00:00] logs.ERROR: ErrorCreatingAccount {"user":"{\"message\":\"accountHolderNotFount\"}"} {"data":"20220705210550"}
[2022-07-05T21:05:51.445596+00:00] logs.ERROR: ErrorCreatingAccount {"user":"{\"message\":\"accountHolderNotFount\"}"} {"data":"20220705210551"}
[2022-07-05T21:05:51.607709+00:00] logs.ERROR: ErrorCreatingAccount {"user":"{\"message\":\"accountHolderNotFount\"}"} {"data":"20220705210551"}
[2022-07-05T21:05:51.786441+00:00] logs.ERROR: ErrorCreatingAccount {"user":"{\"message\":\"accountHolderNotFount\"}"} {"data":"20220705210551"}
[2022-07-05T21:06:37.732590+00:00] logs.ERROR: ErrorMakingDeposit {"user":"{\"message\":\"accountHolderNotFount\"}"} {"data":"20220705210637"}
[2022-07-05T21:06:39.178864+00:00] logs.ERROR: ErrorMakingDeposit {"user":"{\"message\":\"accountHolderNotFount\"}"} {"data":"20220705210639"}
[2022-07-05T21:06:44.040067+00:00] logs.ERROR: ErrorMakingDeposit {"user":"{\"message\":\"accountHolderNotFount\"}"} {"data":"20220705210644"}
[2022-07-05T21:06:46.452079+00:00] logs.ERROR: ErrorMakingDeposit {"user":"{\"message\":\"accountHolderNotFount\"}"} {"data":"20220705210646"}
[2022-07-05T21:06:47.616481+00:00] logs.ERROR: ErrorMakingDeposit {"user":"{\"message\":\"accountHolderNotFount\"}"} {"data":"20220705210647"}
[2022-07-06T01:47:20.124655+00:00] logs.ERROR: ErrorMakingDeposit {"user":"{\"message\":\"accountHolderNotFount\"}"} {"data":"20220706014720"}
[2022-07-06T13:35:24.998417+00:00] logs.ERROR: ErrorCreatingAccount {"user":"{\"message\":\"accountHolderNotFount\"}"} {"data":"20220706133524"}
[2022-07-08T17:04:25.236941+00:00] logs.DEBUG: AccountCreated {"user":2} {"data":"20220708170425"}
[2022-07-08T17:04:30.256171+00:00] logs.ERROR: ErrorCreatingAccount {"user":"{\"message\":\"accountExists\"}"} {"data":"20220708170430"}
[2022-07-08T18:23:32.076271+00:00] logs.ERROR: ErrorMakingDeposit {"user":"{\"message\":\"accountHolderNotFount\"}"} {"data":"20220708182332"}
[2022-07-08T18:23:32.685348+00:00] logs.ERROR: ErrorMakingDeposit {"user":"{\"message\":\"accountHolderNotFount\"}"} {"data":"20220708182332"}
[2022-07-08T18:24:50.301600+00:00] logs.ERROR: ErrorMakingDeposit {"user":"{\"message\":\"accountHolderNotFount\"}"} {"data":"20220708182450"}
[2022-07-08T18:24:51.024481+00:00] logs.ERROR: ErrorMakingDeposit {"user":"{\"message\":\"accountHolderNotFount\"}"} {"data":"20220708182451"}
[2022-07-11T13:48:18.281709+00:00] logs.ERROR: ErrorCreatingAccount {"user":"{\"message\":\"accountExists\"}"} {"data":"20220711134818"}
[2022-07-11T13:48:18.801537+00:00] logs.ERROR: ErrorCreatingAccount {"user":"{\"message\":\"accountExists\"}"} {"data":"20220711134818"}
[2022-07-11T13:51:40.958230+00:00] logs.ERROR: ErrorCreatingAccount {"user":"{\"message\":\"accountExists\"}"} {"data":"20220711135140"}
[2022-07-11T13:59:22.022998+00:00] logs.ERROR: ErrorCreatingAccount {"user":"{\"message\":\"accountExists\"}"} {"data":"20220711135922"}
[2022-07-11T14:01:23.459241+00:00] logs.ERROR: ErrorCreatingAccount {"user":"{\"message\":\"accountExists\"}"} {"data":"20220711140123"}
[2022-07-11T14:08:02.877883+00:00] logs.ERROR: ErrorCreatingAccount {"user":"{\"message\":\"accountExists\"}"} {"data":"20220711140802"}
[2022-07-11T15:05:23.681682+00:00] logs.ERROR: ErrorCreatingAccount {"user":"{\"message\":\"accountExists\"}"} {"data":"20220711150523"}
[2022-07-11T15:06:03.764934+00:00] logs.ERROR: ErrorCreatingAccount {"user":"{\"message\":\"accountExists\"}"} {"data":"20220711150603"}
[2022-07-12T01:26:35.288093+00:00] logs.ERROR: ErrorMakingDeposit {"user":"{\"message\":\"accountNotExists\"}"} {"data":"20220712012635"}
[2022-07-12T19:01:06.537841+00:00] logs.ERROR: ErrorMakingDeposit {"user":"{\"message\":\"accountHolderNotFount\"}"} {"data":"20220712190106"}
[2022-07-12T19:01:13.315159+00:00] logs.ERROR: ErrorMakingDeposit {"user":"{\"message\":\"accountHolderNotFount\"}"} {"data":"20220712190113"}
[2022-07-12T19:41:15.349264+00:00] logs.ERROR: ErrorCreatingAccount {"user":"{\"message\":\"accountHolderNotFount\"}"} {"data":"20220712194115"}
[2022-07-12T19:41:28.175422+00:00] logs.DEBUG: AccountCreated {"user":1} {"data":"20220712194128"}
[2022-07-12T19:41:29.375572+00:00] logs.ERROR: ErrorCreatingAccount {"user":"{\"message\":\"accountExists\"}"} {"data":"20220712194129"}
[2022-07-12T19:43:16.237714+00:00] logs.DEBUG: AccountCreated {"user":2} {"data":"20220712194316"}
